167.71.54.241
hello world6
Traceback (most recent call last):
  File "/mnt/main/root/script.py", line 38, in <module>
    name = driver.find_element_by_class_name('topcard__name')
  File "/usr/local/lib/python3.6/dist-packages/selenium/webdriver/remote/webdriver.py", line 564, in find_element_by_class_name
    return self.find_element(by=By.CLASS_NAME, value=name)
  File "/usr/local/lib/python3.6/dist-packages/selenium/webdriver/remote/webdriver.py", line 978, in find_element
    'value': value})['value']
  File "/usr/local/lib/python3.6/dist-packages/selenium/webdriver/remote/webdriver.py", line 321, in execute
    self.error_handler.check_response(response)
  File "/usr/local/lib/python3.6/dist-packages/selenium/webdriver/remote/errorhandler.py", line 242, in check_response
    raise exception_class(message, screen, stacktrace)
selenium.common.exceptions.NoSuchElementException: Message: no such element: Unable to locate element: {"method":"class name","selector":"topcard__name"}
  (Session info: headless chrome=77.0.3865.75)
  (Driver info: chromedriver=2.41.578700 (2f1ed5f9343c13f73144538f15c00b370eda6706),platform=Linux 4.15.0-64-generic x86_64)

Trigger OK